<?xml version="1.0" encoding="UTF-8"?>
<testsuite name="ru.stqa.sandbox.TestEquation" tests="3" skipped="0" failures="0" errors="0" timestamp="2021-01-24T20:41:54" hostname="DESKTOP-SNNFNLS" time="0.019">
  <properties/>
  <testcase name="test0" classname="ru.stqa.sandbox.TestEquation" time="0.011"/>
  <testcase name="test1" classname="ru.stqa.sandbox.TestEquation" time="0.0"/>
  <testcase name="test2" classname="ru.stqa.sandbox.TestEquation" time="0.001"/>
  <system-out><![CDATA[]]></system-out>
  <system-err><![CDATA[]]></system-err>
</testsuite>
