<?xml version="1.0" encoding="UTF-8"?>
<testsuite name="ru.stqa.addressbook.tests.CreateNumber" tests="1" skipped="0" failures="0" errors="0" timestamp="2021-01-23T20:02:30" hostname="DESKTOP-SNNFNLS" time="4.007">
  <properties/>
  <testcase name="testNumberCreate" classname="ru.stqa.addressbook.tests.CreateNumber" time="4.007"/>
  <system-out><![CDATA[]]></system-out>
  <system-err><![CDATA[SLF4J: Failed to load class "org.slf4j.impl.StaticLoggerBinder".
SLF4J: Defaulting to no-operation (NOP) logger implementation
SLF4J: See http://www.slf4j.org/codes.html#StaticLoggerBinder for further details.
1611432097010	geckodriver	INFO	Listening on 127.0.0.1:40999
1611432097914	mozrunner::runner	INFO	Running command: "C:\\Program Files\\Mozilla Firefox\\firefox.exe" "--marionette" "-foreground" "-no-remote" "-profile" "C:\\Users\\Admin\\AppData\\Local\\Temp\\rust_mozprofilemoMi8s"
JavaScript error: resource://gre/modules/XULStore.jsm, line 66: Error: Can't find profile directory.
[Parent 11016, Gecko_IOThread] WARNING: file /builds/worker/checkouts/gecko/ipc/chromium/src/base/process_util_win.cc, line 166
1611432141030	Marionette	INFO	Listening on port 52393
1611432141533	Marionette	WARN	TLS certificate errors will be ignored for this session
янв. 23, 2021 11:02:21 PM org.openqa.selenium.remote.ProtocolHandshake createSession
INFO: Detected dialect: W3C
]]></system-err>
</testsuite>
