<?xml version="1.0" encoding="UTF-8"?>
<testsuite name="ru.stqa.addressbook.tests.CreateNumber" tests="1" skipped="0" failures="0" errors="0" timestamp="2021-01-18T21:06:48" hostname="DESKTOP-SNNFNLS" time="4.364">
  <properties/>
  <testcase name="testNumberCreate" classname="ru.stqa.addressbook.tests.CreateNumber" time="4.364"/>
  <system-out><![CDATA[]]></system-out>
  <system-err><![CDATA[SLF4J: Failed to load class "org.slf4j.impl.StaticLoggerBinder".
SLF4J: Defaulting to no-operation (NOP) logger implementation
SLF4J: See http://www.slf4j.org/codes.html#StaticLoggerBinder for further details.
1611003961481	geckodriver	INFO	Listening on 127.0.0.1:1403
1611003962983	mozrunner::runner	INFO	Running command: "C:\\Program Files\\Mozilla Firefox\\firefox.exe" "--marionette" "-foreground" "-no-remote" "-profile" "C:\\Users\\Admin\\AppData\\Local\\Temp\\rust_mozprofileiTJj8Z"
JavaScript error: resource://gre/modules/XULStore.jsm, line 66: Error: Can't find profile directory.
[Parent 11332, Gecko_IOThread] WARNING: file /builds/worker/checkouts/gecko/ipc/chromium/src/base/process_util_win.cc, line 166
1611003995512	Marionette	INFO	Listening on port 65163
1611003995873	Marionette	WARN	TLS certificate errors will be ignored for this session
янв. 19, 2021 12:06:36 AM org.openqa.selenium.remote.ProtocolHandshake createSession
INFO: Detected dialect: W3C
]]></system-err>
</testsuite>
