<?xml version="1.0" encoding="UTF-8"?>
<testsuite name="ru.stqa.addressbook.CreateNumber" tests="1" skipped="0" failures="0" errors="0" timestamp="2021-01-17T20:21:25" hostname="DESKTOP-SNNFNLS" time="3.855">
  <properties/>
  <testcase name="testGroupCreate" classname="ru.stqa.addressbook.CreateNumber" time="3.855"/>
  <system-out><![CDATA[]]></system-out>
  <system-err><![CDATA[SLF4J: Failed to load class "org.slf4j.impl.StaticLoggerBinder".
SLF4J: Defaulting to no-operation (NOP) logger implementation
SLF4J: See http://www.slf4j.org/codes.html#StaticLoggerBinder for further details.
1610914868497	geckodriver	INFO	Listening on 127.0.0.1:47965
1610914869581	mozrunner::runner	INFO	Running command: "C:\\Program Files\\Mozilla Firefox\\firefox.exe" "--marionette" "-foreground" "-no-remote" "-profile" "C:\\Users\\Admin\\AppData\\Local\\Temp\\rust_mozprofile0sp8FL"
JavaScript error: resource://gre/modules/XULStore.jsm, line 66: Error: Can't find profile directory.
1610914874827	Marionette	INFO	Listening on port 62112
1610914874908	Marionette	WARN	TLS certificate errors will be ignored for this session
янв. 17, 2021 11:21:15 PM org.openqa.selenium.remote.ProtocolHandshake createSession
INFO: Detected dialect: W3C
]]></system-err>
</testsuite>
