<?xml version="1.0" encoding="UTF-8"?>
<testsuite name="ru.stqa.addressbook.tests.GroupCreate" tests="1" skipped="0" failures="0" errors="0" timestamp="2021-01-23T20:03:09" hostname="DESKTOP-SNNFNLS" time="3.232">
  <properties/>
  <testcase name="testGroupCreate" classname="ru.stqa.addressbook.tests.GroupCreate" time="3.232"/>
  <system-out><![CDATA[]]></system-out>
  <system-err><![CDATA[1611432178354	geckodriver	INFO	Listening on 127.0.0.1:17268
1611432178635	mozrunner::runner	INFO	Running command: "C:\\Program Files\\Mozilla Firefox\\firefox.exe" "--marionette" "-foreground" "-no-remote" "-profile" "C:\\Users\\Admin\\AppData\\Local\\Temp\\rust_mozprofile3jtZov"
JavaScript error: resource://gre/modules/XULStore.jsm, line 66: Error: Can't find profile directory.
1611432184515	Marionette	INFO	Listening on port 52596
1611432184953	Marionette	WARN	TLS certificate errors will be ignored for this session
янв. 23, 2021 11:03:05 PM org.openqa.selenium.remote.ProtocolHandshake createSession
INFO: Detected dialect: W3C
]]></system-err>
</testsuite>
