<?xml version="1.0" encoding="UTF-8"?>
<testsuite name="ru.stqa.addressbook.tests.GroupModification" tests="1" skipped="0" failures="0" errors="0" timestamp="2021-01-29T21:25:39" hostname="DESKTOP-SNNFNLS" time="3.056">
  <properties/>
  <testcase name="testGroupModification" classname="ru.stqa.addressbook.tests.GroupModification" time="3.056"/>
  <system-out><![CDATA[]]></system-out>
  <system-err><![CDATA[SLF4J: Failed to load class "org.slf4j.impl.StaticLoggerBinder".
SLF4J: Defaulting to no-operation (NOP) logger implementation
SLF4J: See http://www.slf4j.org/codes.html#StaticLoggerBinder for further details.
1611955527888	geckodriver	INFO	Listening on 127.0.0.1:16076
1611955528955	mozrunner::runner	INFO	Running command: "C:\\Program Files\\Mozilla Firefox\\firefox.exe" "--marionette" "-foreground" "-no-remote" "-profile" "C:\\Users\\Admin\\AppData\\Local\\Temp\\rust_mozprofileyjdgvF"
JavaScript error: resource://gre/modules/XULStore.jsm, line 66: Error: Can't find profile directory.
1611955535040	Marionette	INFO	Listening on port 56746
1611955535273	Marionette	WARN	TLS certificate errors will be ignored for this session
янв. 30, 2021 12:25:35 AM org.openqa.selenium.remote.ProtocolHandshake createSession
INFO: Detected dialect: W3C
]]></system-err>
</testsuite>
