<?xml version="1.0" encoding="UTF-8"?>
<testsuite name="ru.stqa.addressbook.tests.DeleteNumber" tests="1" skipped="0" failures="0" errors="0" timestamp="2021-01-23T20:02:50" hostname="DESKTOP-SNNFNLS" time="2.791">
  <properties/>
  <testcase name="testNumberDelete" classname="ru.stqa.addressbook.tests.DeleteNumber" time="2.791"/>
  <system-out><![CDATA[]]></system-out>
  <system-err><![CDATA[1611432159276	geckodriver	INFO	Listening on 127.0.0.1:15837
1611432159622	mozrunner::runner	INFO	Running command: "C:\\Program Files\\Mozilla Firefox\\firefox.exe" "--marionette" "-foreground" "-no-remote" "-profile" "C:\\Users\\Admin\\AppData\\Local\\Temp\\rust_mozprofile4R7awK"
JavaScript error: resource://gre/modules/XULStore.jsm, line 66: Error: Can't find profile directory.
1611432165354	Marionette	INFO	Listening on port 52560
1611432165429	Marionette	WARN	TLS certificate errors will be ignored for this session
янв. 23, 2021 11:02:45 PM org.openqa.selenium.remote.ProtocolHandshake createSession
INFO: Detected dialect: W3C
1611432171804	Marionette	WARN	TimedPromise timed out after 500 ms: stacktrace:
TimedPromise/<@chrome://marionette/content/sync.js:245:13
TimedPromise@chrome://marionette/content/sync.js:230:10
interaction.flushEventLoop@chrome://marionette/content/interaction.js:416:10
webdriverClickElement@chrome://marionette/content/interaction.js:182:31
]]></system-err>
</testsuite>
