<?xml version="1.0" encoding="UTF-8"?>
<testsuite name="ru.stqa.addressbook.tests.GroupCreate" tests="1" skipped="0" failures="0" errors="0" timestamp="2021-01-29T21:45:18" hostname="DESKTOP-SNNFNLS" time="3.069">
  <properties/>
  <testcase name="testGroupCreate" classname="ru.stqa.addressbook.tests.GroupCreate" time="3.069"/>
  <system-out><![CDATA[]]></system-out>
  <system-err><![CDATA[SLF4J: Failed to load class "org.slf4j.impl.StaticLoggerBinder".
SLF4J: Defaulting to no-operation (NOP) logger implementation
SLF4J: See http://www.slf4j.org/codes.html#StaticLoggerBinder for further details.
1611956708221	geckodriver	INFO	Listening on 127.0.0.1:3567
1611956709309	mozrunner::runner	INFO	Running command: "C:\\Program Files\\Mozilla Firefox\\firefox.exe" "--marionette" "-foreground" "-no-remote" "-profile" "C:\\Users\\Admin\\AppData\\Local\\Temp\\rust_mozprofiless7EjX"
JavaScript error: resource://gre/modules/XULStore.jsm, line 66: Error: Can't find profile directory.
1611956714779	Marionette	INFO	Listening on port 57036
1611956715126	Marionette	WARN	TLS certificate errors will be ignored for this session
янв. 30, 2021 12:45:15 AM org.openqa.selenium.remote.ProtocolHandshake createSession
INFO: Detected dialect: W3C
]]></system-err>
</testsuite>
