<?xml version="1.0" encoding="UTF-8"?>
<testsuite name="ru.stqa.addressbook.tests.GroupCreate" tests="1" skipped="0" failures="0" errors="0" timestamp="2021-01-18T22:08:05" hostname="DESKTOP-SNNFNLS" time="2.419">
  <properties/>
  <testcase name="testGroupCreate" classname="ru.stqa.addressbook.tests.GroupCreate" time="2.419"/>
  <system-out><![CDATA[]]></system-out>
  <system-err><![CDATA[1611007675116	geckodriver	INFO	Listening on 127.0.0.1:31419
1611007675596	mozrunner::runner	INFO	Running command: "C:\\Program Files\\Mozilla Firefox\\firefox.exe" "--marionette" "-foreground" "-no-remote" "-profile" "C:\\Users\\Admin\\AppData\\Local\\Temp\\rust_mozprofilev9Peij"
JavaScript error: resource://gre/modules/XULStore.jsm, line 66: Error: Can't find profile directory.
1611007680771	Marionette	INFO	Listening on port 49983
1611007680872	Marionette	WARN	TLS certificate errors will be ignored for this session
янв. 19, 2021 1:08:00 AM org.openqa.selenium.remote.ProtocolHandshake createSession
INFO: Detected dialect: W3C
]]></system-err>
</testsuite>
