<?xml version="1.0" encoding="UTF-8"?>
<testsuite name="ru.stqa.addressbook.tests.CreateNumber" tests="1" skipped="0" failures="0" errors="0" timestamp="2021-01-18T22:07:28" hostname="DESKTOP-SNNFNLS" time="3.571">
  <properties/>
  <testcase name="testNumberCreate" classname="ru.stqa.addressbook.tests.CreateNumber" time="3.571"/>
  <system-out><![CDATA[]]></system-out>
  <system-err><![CDATA[SLF4J: Failed to load class "org.slf4j.impl.StaticLoggerBinder".
SLF4J: Defaulting to no-operation (NOP) logger implementation
SLF4J: See http://www.slf4j.org/codes.html#StaticLoggerBinder for further details.
1611007638220	geckodriver	INFO	Listening on 127.0.0.1:44002
1611007639427	mozrunner::runner	INFO	Running command: "C:\\Program Files\\Mozilla Firefox\\firefox.exe" "--marionette" "-foreground" "-no-remote" "-profile" "C:\\Users\\Admin\\AppData\\Local\\Temp\\rust_mozprofileEHfIQy"
JavaScript error: resource://gre/modules/XULStore.jsm, line 66: Error: Can't find profile directory.
1611007645052	Marionette	INFO	Listening on port 49910
1611007645244	Marionette	WARN	TLS certificate errors will be ignored for this session
янв. 19, 2021 1:07:25 AM org.openqa.selenium.remote.ProtocolHandshake createSession
INFO: Detected dialect: W3C
]]></system-err>
</testsuite>
