<?xml version="1.0" encoding="UTF-8"?>
<testsuite name="ru.stqa.addressbook.tests.GroupModification" tests="1" skipped="0" failures="0" errors="0" timestamp="2021-01-19T20:41:10" hostname="DESKTOP-SNNFNLS" time="2.824">
  <properties/>
  <testcase name="testGroupModification" classname="ru.stqa.addressbook.tests.GroupModification" time="2.824"/>
  <system-out><![CDATA[]]></system-out>
  <system-err><![CDATA[SLF4J: Failed to load class "org.slf4j.impl.StaticLoggerBinder".
SLF4J: Defaulting to no-operation (NOP) logger implementation
SLF4J: See http://www.slf4j.org/codes.html#StaticLoggerBinder for further details.
1611088859379	geckodriver	INFO	Listening on 127.0.0.1:46021
1611088860483	mozrunner::runner	INFO	Running command: "C:\\Program Files\\Mozilla Firefox\\firefox.exe" "--marionette" "-foreground" "-no-remote" "-profile" "C:\\Users\\Admin\\AppData\\Local\\Temp\\rust_mozprofileR4o1Ru"
JavaScript error: resource://gre/modules/XULStore.jsm, line 66: Error: Can't find profile directory.
1611088866446	Marionette	INFO	Listening on port 56129
1611088866813	Marionette	WARN	TLS certificate errors will be ignored for this session
янв. 19, 2021 11:41:06 PM org.openqa.selenium.remote.ProtocolHandshake createSession
INFO: Detected dialect: W3C
]]></system-err>
</testsuite>
