<?xml version="1.0" encoding="UTF-8"?>
<testsuite name="ru.stqa.addressbook.tests.NumberModification" tests="1" skipped="0" failures="0" errors="0" timestamp="2021-01-23T20:04:03" hostname="DESKTOP-SNNFNLS" time="22.151">
  <properties/>
  <testcase name="testNumberModification" classname="ru.stqa.addressbook.tests.NumberModification" time="22.151"/>
  <system-out><![CDATA[]]></system-out>
  <system-err><![CDATA[1611432233514	geckodriver	INFO	Listening on 127.0.0.1:28961
1611432233784	mozrunner::runner	INFO	Running command: "C:\\Program Files\\Mozilla Firefox\\firefox.exe" "--marionette" "-foreground" "-no-remote" "-profile" "C:\\Users\\Admin\\AppData\\Local\\Temp\\rust_mozprofileVmNWFE"
JavaScript error: resource://gre/modules/XULStore.jsm, line 66: Error: Can't find profile directory.
1611432239165	Marionette	INFO	Listening on port 52705
1611432239608	Marionette	WARN	TLS certificate errors will be ignored for this session
янв. 23, 2021 11:03:59 PM org.openqa.selenium.remote.ProtocolHandshake createSession
INFO: Detected dialect: W3C
]]></system-err>
</testsuite>
