<?xml version="1.0" encoding="UTF-8"?>
<testsuite name="ru.stqa.addressbook.tests.CreateNumber" tests="1" skipped="0" failures="0" errors="0" timestamp="2021-01-18T19:27:13" hostname="DESKTOP-SNNFNLS" time="3.591">
  <properties/>
  <testcase name="testNumberCreate" classname="ru.stqa.addressbook.tests.CreateNumber" time="3.591"/>
  <system-out><![CDATA[]]></system-out>
  <system-err><![CDATA[SLF4J: Failed to load class "org.slf4j.impl.StaticLoggerBinder".
SLF4J: Defaulting to no-operation (NOP) logger implementation
SLF4J: See http://www.slf4j.org/codes.html#StaticLoggerBinder for further details.
1610998022652	geckodriver	INFO	Listening on 127.0.0.1:6823
1610998023881	mozrunner::runner	INFO	Running command: "C:\\Program Files\\Mozilla Firefox\\firefox.exe" "--marionette" "-foreground" "-no-remote" "-profile" "C:\\Users\\Admin\\AppData\\Local\\Temp\\rust_mozprofileEl0Exr"
JavaScript error: resource://gre/modules/XULStore.jsm, line 66: Error: Can't find profile directory.
1610998029279	Marionette	INFO	Listening on port 63583
1610998029709	Marionette	WARN	TLS certificate errors will be ignored for this session
янв. 18, 2021 10:27:09 PM org.openqa.selenium.remote.ProtocolHandshake createSession
INFO: Detected dialect: W3C
]]></system-err>
</testsuite>
