<?xml version="1.0" encoding="UTF-8"?>
<testsuite name="ru.stqa.addressbook.tests.GroupCreate" tests="1" skipped="0" failures="0" errors="0" timestamp="2021-01-27T20:15:13" hostname="DESKTOP-SNNFNLS" time="1.986">
  <properties/>
  <testcase name="testGroupCreate" classname="ru.stqa.addressbook.tests.GroupCreate" time="1.986"/>
  <system-out><![CDATA[]]></system-out>
  <system-err><![CDATA[SLF4J: Failed to load class "org.slf4j.impl.StaticLoggerBinder".
SLF4J: Defaulting to no-operation (NOP) logger implementation
SLF4J: See http://www.slf4j.org/codes.html#StaticLoggerBinder for further details.
1611778502264	geckodriver	INFO	Listening on 127.0.0.1:30794
1611778503350	mozrunner::runner	INFO	Running command: "C:\\Program Files\\Mozilla Firefox\\firefox.exe" "--marionette" "-foreground" "-no-remote" "-profile" "C:\\Users\\Admin\\AppData\\Local\\Temp\\rust_mozprofilehVomh1"
JavaScript error: resource://gre/modules/XULStore.jsm, line 66: Error: Can't find profile directory.
1611778510288	Marionette	INFO	Listening on port 55019
1611778510775	Marionette	WARN	TLS certificate errors will be ignored for this session
янв. 27, 2021 11:15:10 PM org.openqa.selenium.remote.ProtocolHandshake createSession
INFO: Detected dialect: W3C
]]></system-err>
</testsuite>
